<?xml version="1.0" encoding="UTF-8"?>
<!-- Generated by org.testng.reporters.JUnitReportReporter -->
<testsuite hostname="DESKTOP-SE2CFHJ" failures="0" tests="1" name="com.crm.Sdet.product.CreateProductDeleteProductTest" time="75.881" errors="0" timestamp="2022-08-11T14:14:47 IST" skipped="0">
  <testcase classname="com.crm.Sdet.product.CreateProductDeleteProductTest" name="createProductDeleteProduct" time="75.881"/>
  <system-out/>
</testsuite> <!-- com.crm.Sdet.product.CreateProductDeleteProductTest -->
