<?xml version="1.0" encoding="UTF-8"?>
<!-- Generated by org.testng.reporters.JUnitReportReporter -->
<testsuite hostname="DESKTOP-SE2CFHJ" failures="0" tests="1" name="Practise.SampleNew" time="0.024" errors="0" timestamp="2022-08-11T15:44:23 IST" skipped="0">
  <testcase classname="Practise.SampleNew" name="createContact" time="0.024"/>
  <system-out/>
</testsuite> <!-- Practise.SampleNew -->
