<?xml version="1.0" encoding="UTF-8"?>
<!-- Generated by org.testng.reporters.JUnitReportReporter -->
<testsuite hostname="DESKTOP-SE2CFHJ" failures="0" tests="3" name="Practise.Sample" time="0.044" errors="0" timestamp="2022-08-03T12:39:32 IST" skipped="0">
  <testcase classname="Practise.Sample" name="createContact" time="0.022"/>
  <system-out/>
  <testcase classname="Practise.Sample" name="modifyContact" time="0.011"/>
  <system-out/>
  <testcase classname="Practise.Sample" name="deleteContact" time="0.011"/>
  <system-out/>
</testsuite> <!-- Practise.Sample -->
