<?xml version="1.0" encoding="UTF-8"?>
<!-- Generated by org.testng.reporters.JUnitReportReporter -->
<testsuite hostname="DESKTOP-SE2CFHJ" failures="0" tests="1" name="com.crm.Sdet.campagin.CreateCampaignWithProduct" time="99.960" errors="0" timestamp="2022-08-08T11:52:26 IST" skipped="0">
  <testcase classname="com.crm.Sdet.campagin.CreateCampaignWithProduct" name="createProductWithProduct" time="99.960"/>
  <system-out/>
</testsuite> <!-- com.crm.Sdet.campagin.CreateCampaignWithProduct -->
