<?xml version="1.0" encoding="UTF-8"?>
<!-- Generated by org.testng.reporters.JUnitReportReporter -->
<testsuite hostname="DESKTOP-SE2CFHJ" failures="0" tests="1" name="Practise.RunTimeParameterFromEclipse" time="0.015" errors="0" timestamp="2022-08-12T10:28:53 IST" skipped="0">
  <testcase classname="Practise.RunTimeParameterFromEclipse" name="getRunTimeData" time="0.015"/>
  <system-out/>
</testsuite> <!-- Practise.RunTimeParameterFromEclipse -->
