<?xml version="1.0" encoding="UTF-8"?>
<!-- Generated by org.testng.reporters.JUnitReportReporter -->
<testsuite hostname="DESKTOP-SE2CFHJ" failures="0" tests="1" name="com.crm.Sdet.organization.CreateOrganizationTest" time="59.716" errors="0" timestamp="2022-08-11T16:11:15 IST" skipped="0">
  <testcase classname="com.crm.Sdet.organization.CreateOrganizationTest" name="createOrganization" time="59.716"/>
  <system-out/>
</testsuite> <!-- com.crm.Sdet.organization.CreateOrganizationTest -->
