<?xml version="1.0" encoding="UTF-8"?>
<!-- Generated by org.testng.reporters.JUnitReportReporter -->
<testsuite hostname="DESKTOP-SE2CFHJ" failures="0" tests="1" name="com.crm.Sdet.campagin.CreateCampaignWithProductTest" time="127.520" errors="0" timestamp="2022-08-11T14:14:43 IST" skipped="0">
  <testcase classname="com.crm.Sdet.campagin.CreateCampaignWithProductTest" name="createProductWithProduct" time="127.520"/>
  <system-out/>
</testsuite> <!-- com.crm.Sdet.campagin.CreateCampaignWithProductTest -->
