<?xml version="1.0" encoding="UTF-8"?>
<!-- Generated by org.testng.reporters.JUnitReportReporter -->
<testsuite hostname="DESKTOP-SE2CFHJ" failures="0" tests="1" name="com.crm.Sdet.campagin.CreateCampaignTest" time="59.210" errors="0" timestamp="2022-08-11T16:11:15 IST" skipped="0">
  <testcase classname="com.crm.Sdet.campagin.CreateCampaignTest" name="createProduct" time="59.210"/>
  <system-out/>
</testsuite> <!-- com.crm.Sdet.campagin.CreateCampaignTest -->
