<?xml version="1.0" encoding="UTF-8"?>
<!-- Generated by org.testng.reporters.JUnitReportReporter -->
<testsuite hostname="DESKTOP-SE2CFHJ" failures="0" tests="3" name="Practise.TestngSample1" time="0.027" errors="0" timestamp="2022-08-03T13:16:58 IST" skipped="0">
  <testcase classname="Practise.TestngSample1" name="modifyContact" time="0.016"/>
  <system-out/>
  <testcase classname="Practise.TestngSample1" name="deleteContact" time="0.004"/>
  <system-out/>
  <testcase classname="Practise.TestngSample1" name="createContact" time="0.007"/>
  <system-out/>
</testsuite> <!-- Practise.TestngSample1 -->
