<?xml version="1.0" encoding="UTF-8"?>
<!-- Generated by org.testng.reporters.JUnitReportReporter -->
<testsuite hostname="DESKTOP-SE2CFHJ" failures="0" tests="1" name="com.crm.Sdet.organization.CreateOrganization" time="205.802" errors="0" timestamp="2022-08-09T12:14:09 IST" skipped="0">
  <testcase classname="com.crm.Sdet.organization.CreateOrganization" name="createOrganization" time="205.802"/>
  <system-out/>
</testsuite> <!-- com.crm.Sdet.organization.CreateOrganization -->
