<?xml version="1.0" encoding="UTF-8"?>
<!-- Generated by org.testng.reporters.JUnitReportReporter -->
<testsuite hostname="DESKTOP-SE2CFHJ" failures="0" tests="1" name="com.crm.Sdet.product.CreateProductDeleteProduct" time="129.749" errors="0" timestamp="2022-08-08T11:52:26 IST" skipped="0">
  <testcase classname="com.crm.Sdet.product.CreateProductDeleteProduct" name="createProductDeleteProduct" time="129.749"/>
  <system-out/>
</testsuite> <!-- com.crm.Sdet.product.CreateProductDeleteProduct -->
